146.7150273323059
140.69817733764648
144.3215992450714
139.97490334510803
139.78850865364075
144.13205313682556
140.9336576461792
141.11797618865967
140.79059481620789
156.3420684337616
139.9451208114624
140.1129081249237
155.35037064552307
167.2263081073761
147.68335914611816
139.76120257377625
142.06572151184082
153.04769110679626
139.90463638305664
140.3583481311798
139.9931356906891
139.73734402656555
140.27970361709595
139.69223952293396
139.72546935081482
139.82824802398682
140.771301984787
140.1571283340454
157.32794380187988
142.05677151679993
