79.91084957122803
71.66539430618286
71.75103211402893
71.93994808197021
71.10742688179016
71.15975975990295
72.31089210510254
72.01288604736328
71.801034450531
78.33585357666016
70.8964831829071
72.19174003601074
76.68095874786377
82.59848046302795
73.06617164611816
71.72033619880676
72.16042876243591
75.31079602241516
70.89748764038086
71.22188305854797
71.36943125724792
72.16251301765442
72.55200290679932
71.36914801597595
70.4705924987793
71.76788711547852
70.81414580345154
71.72592306137085
81.19353318214417
70.49887228012085
