151.922865152359
141.4780991077423
141.34900379180908
141.22766208648682
141.23522400856018
144.2468502521515
146.73532795906067
142.69141030311584
143.47086668014526
157.24738883972168
145.52866983413696
144.50779175758362
173.3285367488861
169.93878746032715
150.51179099082947
141.93711709976196
144.42295575141907
152.26661825180054
141.0003571510315
141.70652532577515
141.3688325881958
141.78239274024963
141.29916715621948
141.76058650016785
141.66217422485352
141.3643970489502
141.76891207695007
153.10631704330444
156.07196640968323
141.23964381217957
