140.99661827087402
141.60174942016602
142.81629467010498
141.43360376358032
141.66728830337524
145.65160846710205
141.7648844718933
142.13007736206055
141.61805605888367
142.49204421043396
161.68649530410767
141.85838866233826
143.43756580352783
153.5379810333252
146.61563563346863
141.21785235404968
141.95440864562988
142.0377266407013
145.03415632247925
142.77270913124084
141.41485953330994
141.06840872764587
141.25471544265747
142.18953371047974
142.2052686214447
140.87389540672302
141.80993580818176
141.48197531700134
147.96418166160583
141.1843683719635
