328.8668224811554
332.6238634586334
330.9365484714508
331.0753390789032
331.14787578582764
330.5774531364441
331.1125817298889
329.68514704704285
329.77148175239563
338.3878719806671
356.0826623439789
326.51375102996826
327.9867739677429
360.2755424976349
335.4876341819763
336.49965715408325
326.1890115737915
331.6254758834839
330.34376764297485
338.77887201309204
331.2402958869934
329.4997777938843
330.6097433567047
329.9715473651886
330.926087141037
330.4614133834839
332.37482023239136
313.49071621894836
325.04661560058594
322.5489523410797
