150.56818389892578
145.04347467422485
144.47912049293518
146.39675617218018
146.99388337135315
157.37844800949097
160.34657406806946
153.5097734928131
152.4187994003296
169.08196115493774
154.40005469322205
152.44286727905273
194.75129055976868
177.6401801109314
154.7710258960724
150.5592041015625
151.7198827266693
159.88519525527954
144.54823660850525
145.1579031944275
143.44046759605408
148.65772318840027
144.57095003128052
146.28606152534485
144.64429879188538
143.67459750175476
152.84574508666992
154.0542013645172
154.13491773605347
145.13065385818481
