72.8648087978363
72.1671302318573
71.36863303184509
71.7503502368927
71.9178376197815
71.94145822525024
71.94431185722351
71.72489094734192
71.50914335250854
79.84090304374695
72.13276696205139
71.86584711074829
92.26785039901733
82.34589838981628
73.99558019638062
71.7768030166626
83.04163026809692
73.61499190330505
72.0260660648346
72.17248749732971
71.86450815200806
72.25409698486328
71.55940842628479
71.84386038780212
72.1346685886383
71.71301460266113
78.74590563774109
77.22634673118591
75.07999730110168
72.0633397102356
