328.8905653953552
293.3853735923767
292.60069584846497
292.7533600330353
295.1864080429077
338.4981634616852
340.1798617839813
342.8639419078827
338.4824848175049
370.24409770965576
326.7907245159149
331.4855716228485
377.13277411460876
294.4684612751007
345.18236231803894
315.3790488243103
335.127005815506
353.4503424167633
293.6987462043762
294.47429943084717
293.0056166648865
293.15998673439026
292.9480199813843
293.39822006225586
293.50909638404846
294.7802665233612
293.98310589790344
350.72709703445435
349.56272053718567
305.3695604801178
