355.13338327407837
287.58020973205566
289.133296251297
291.4123954772949
290.9840772151947
331.9292631149292
330.17897510528564
335.21267676353455
334.62758016586304
347.2995114326477
329.18239521980286
335.26117038726807
349.7716450691223
374.0858681201935
352.78216528892517
330.9969873428345
336.7256848812103
345.6630094051361
289.38801860809326
289.30676651000977
289.0261290073395
287.2985281944275
287.8913908004761
289.79278922080994
287.5634388923645
287.23391604423523
291.79283475875854
288.94081258773804
349.62136340141296
293.4909508228302
