82.47995018959045
80.85973024368286
80.73880696296692
80.71057963371277
80.07589411735535
80.27482199668884
82.69001293182373
80.15571570396423
80.13265419006348
87.07027912139893
80.99735808372498
79.85177254676819
87.26128458976746
87.44204187393188
84.95243310928345
80.72250843048096
82.45611190795898
82.79487228393555
81.62374520301819
79.11776733398438
81.57618474960327
79.37462568283081
85.03172850608826
79.864004611969
80.13212656974792
80.196857213974
80.23335933685303
87.43899035453796
86.57042694091797
81.25707077980042
