37.74272871017456
36.097039222717285
36.50198435783386
36.3598895072937
36.42701506614685
38.68951177597046
36.988932847976685
36.62148118019104
36.308764934539795
45.60281181335449
37.23308730125427
36.372352838516235
46.40406537055969
44.06307935714722
38.64156675338745
36.903292417526245
36.92876219749451
37.293827295303345
36.194597482681274
36.918962717056274
35.75188112258911
36.08373951911926
35.69941210746765
36.391154289245605
35.49436712265015
35.59329438209534
36.04586911201477
40.383838415145874
40.64144325256348
35.84680962562561
