40.41291666030884
40.82050182081114
39.47190737724304
38.99516701698303
39.143192768096924
39.09221076965332
39.98063564300537
39.70622110366821
39.36128044128418
39.21996188163757
47.96234321594238
40.22536563873291
40.27394223213196
48.735048055648804
39.16679382324219
41.21304249763489
39.832974672317505
38.65246864864869
48.51276230812073
39.08843970298767
39.198187828063965
39.19211411476135
39.183223485946655
39.04663014411926
38.969350814819336
39.2865252494812
39.27230763435364
39.00168800354004
38.08686416481468
39.1621253490448
