340.2747366428375
300.04776072502136
298.03805327415466
298.093861579895
298.93630361557007
344.1729290485382
347.2755699157715
343.7856094837189
343.4921135902405
357.409126996994
337.23428678512573
328.5576250553131
369.54597210884094
373.5765986442566
343.818186044693
307.9032139778137
341.66114497184753
346.5252070426941
300.664103269577
295.7124488353729
296.61141705513
300.91998076438904
301.7992732524872
300.16459465026855
303.64173674583435
306.10072684288025
302.0652358531952
344.7943115234375
349.06809544563293
300.7216386795044
