49.54897475242615
48.20146560668945
47.93864154815674
48.58259892463684
52.98158574104309
48.92805099487305
50.81299662590027
48.616798639297485
48.658324003219604
51.51649856567383
52.87353038787842
50.59317064285278
54.81239914894104
57.67982292175293
50.890629291534424
48.200435161590576
49.0414776802063
51.301520347595215
48.40131139755249
48.30328345298767
48.65343642234802
48.24104976654053
48.221781492233276
48.46207785606384
48.48852801322937
48.97687482833862
48.758946895599365
48.6573269367218
52.32320237159729
48.57997989654541
