36.36945962905884
35.082990407943726
35.13783359527588
35.56759738922119
35.30113196372986
35.40526032447815
35.42935252189636
35.45620656013489
35.294355630874634
45.18098831176758
35.29387545585632
35.666712045669556
41.85630249977112
35.415940046310425
37.232120513916016
34.630038261413574
35.36878514289856
37.459768295288086
34.43477964401245
35.001789808273315
34.43592381477356
34.72971034049988
34.39408898353577
34.47322630882263
34.31609344482422
34.47755432128906
34.84608697891235
36.32451128959656
38.00282907485962
34.84205937385559
