115.82235169410706
114.50859475135803
114.75627374649048
114.69371914863586
115.32957744598389
115.90086841583252
116.11906695365906
115.09945154190063
115.02100849151611
119.50818634033203
115.23308610916138
114.69849038124084
122.05142569541931
123.29232621192932
117.18349575996399
114.93359994888306
115.69399499893188
118.79520559310913
114.79689025878906
114.76665329933167
115.38726019859314
115.95383262634277
115.73039054870605
115.8864152431488
115.46789479255676
115.41578984260559
114.53504037857056
114.87547612190247
118.2384786605835
158.96562480926514
