332.04388880729675
332.5061206817627
332.22717905044556
333.0091474056244
332.91757440567017
330.84307622909546
331.67823791503906
329.3379979133606
333.74066185951233
331.28502368927
357.8990807533264
328.3453645706177
334.0263047218323
363.77945470809937
348.7871060371399
339.58906865119934
326.76077914237976
332.5609724521637
341.0885317325592
332.27682280540466
333.29978680610657
332.91802644729614
337.3747708797455
332.0566256046295
333.01471877098083
333.88566064834595
331.2225856781006
329.0344965457916
325.682475566864
330.7551553249359
