149.65085363388062
147.93661785125732
144.8648419380188
144.64532375335693
145.24441242218018
149.31882524490356
146.8541910648346
146.75456404685974
145.88091468811035
171.62507390975952
151.87015962600708
149.6425154209137
167.50432419776917
144.54779434204102
154.66270518302917
144.10392332077026
148.61532330513
153.04712224006653
143.50782012939453
143.2819483280182
142.31482672691345
142.9297239780426
143.09594440460205
143.32380032539368
144.01943063735962
142.52782368659973
144.95448541641235
156.81935119628906
153.20156598091125
142.501371383667
