173.26035022735596
170.85313773155212
175.6174030303955
170.83093285560608
171.12320065498352
172.60268259048462
170.99846172332764
171.90711617469788
172.41949677467346
171.05991625785828
172.4371738433838
171.25034308433533
174.98687195777893
188.78787279129028
175.36811876296997
171.17218446731567
173.0559356212616
175.04751253128052
170.8351345062256
171.08774399757385
170.83296513557434
172.7152717113495
172.85176849365234
170.95431399345398
170.85454297065735
172.54308247566223
176.27843070030212
170.61107516288757
173.9097192287445
171.63689398765564
