145.9793004989624
140.1266906261444
140.04570865631104
140.70685243606567
141.698872089386
146.61412572860718
140.97843408584595
140.83543372154236
141.23157811164856
142.45869541168213
157.48288464546204
141.6406376361847
141.19436168670654
170.6066918373108
143.4272975921631
145.11714148521423
140.13654947280884
144.67581510543823
146.745276927948
141.91147422790527
141.96131420135498
141.04172444343567
140.9113326072693
142.1363787651062
140.26885199546814
140.29388904571533
141.39948058128357
141.05418300628662
141.99737572669983
140.9424798488617
