341.5679075717926
292.04191732406616
293.6583561897278
291.5873763561249
293.6962158679962
337.5507597923279
335.4767961502075
326.84028005599976
336.97944474220276
347.507066488266
341.0171492099762
324.9139893054962
426.07979464530945
369.2804319858551
345.4990465641022
330.40660524368286
334.32089281082153
349.91702342033386
291.29995346069336
293.0083146095276
289.395455121994
290.2849934101105
297.49488377571106
288.65104508399963
289.92888164520264
293.0825729370117
291.8818700313568
304.1922776699066
347.79176902770996
294.32529401779175
