340.94347858428955
290.8379201889038
288.8631670475006
289.80132699012756
290.3615801334381
339.7260057926178
339.9481146335602
338.27879667282104
339.37140130996704
362.5472526550293
327.39170145988464
335.71263575553894
376.74777388572693
322.36387515068054
344.3486657142639
314.44725728034973
340.1634783744812
337.6197488307953
290.2049193382263
290.65881156921387
290.73078060150146
291.3210940361023
290.03911685943604
290.75202679634094
291.62490487098694
289.65544629096985
290.5472791194916
343.0317087173462
345.3791916370392
293.7044765949249
