337.15516352653503
337.1113929748535
335.2209656238556
346.1511561870575
332.894572019577
333.12082386016846
334.8093349933624
334.4012541770935
329.277236700058
334.31013441085815
362.4412651062012
331.3514316082001
331.09210205078125
362.74269437789917
355.0869343280792
341.2987458705902
331.579345703125
332.13561964035034
336.4987027645111
332.78902673721313
332.39270782470703
337.42673897743225
332.0771040916443
332.82899284362793
334.896359205246
335.70404410362244
333.1487624645233
325.95565247535706
325.22641348838806
331.3087680339813
