144.39717173576355
140.81535363197327
141.07905316352844
141.03552794456482
141.57486581802368
142.31404066085815
141.87458992004395
141.70568561553955
141.9114532470703
141.59292078018188
159.67144012451172
142.26392459869385
141.53604292869568
161.06882500648499
150.21568036079407
144.93721723556519
142.10203409194946
143.55995059013367
143.55159783363342
147.10465502738953
148.76463103294373
140.98257327079773
141.0891752243042
141.5241184234619
142.08262419700623
143.35717964172363
141.69495677947998
141.78666496276855
141.67557168006897
142.03080916404724
