71.99321103096008
71.11640572547913
71.15548348426819
71.1114432811737
71.11401152610779
71.4149420261383
71.46037912368774
71.13219904899597
71.35284304618835
83.4103331565857
71.61106872558594
71.74874639511108
79.91233277320862
71.15534949302673
73.75383615493774
71.24518370628357
71.70920586585999
75.37180352210999
71.16044759750366
71.16526556015015
71.14463114738464
71.20958209037781
71.12950444221497
71.1007947921753
71.07241010665894
71.51971673965454
71.20252966880798
73.8728859424591
74.198721408844
73.34171152114868
