149.0185260772705
147.228351354599
147.95808458328247
147.75547194480896
148.04661178588867
148.49293088912964
147.7384865283966
146.48947501182556
148.7005033493042
172.69709467887878
149.6210823059082
149.96503806114197
179.0523500442505
146.91018772125244
149.29986095428467
151.15524792671204
150.8887484073639
158.24638962745667
148.27628779411316
145.13040280342102
145.68173694610596
147.0217843055725
146.9686462879181
146.57003021240234
146.26862120628357
147.044983625412
148.5155053138733
156.24408316612244
148.06414890289307
147.62705326080322
