142.3352451324463
142.3093614578247
141.36002588272095
141.6338095664978
141.86617136001587
144.1555414199829
141.398206949234
141.55698251724243
141.53911232948303
141.29889583587646
153.47295570373535
140.73588800430298
145.4240472316742
171.0157744884491
143.8835527896881
147.46362257003784
141.519033908844
142.10733675956726
146.87593841552734
140.93367791175842
141.22260308265686
140.6307246685028
141.01691007614136
140.97499203681946
141.44107246398926
141.0641644001007
141.23285388946533
141.57584881782532
141.03880953788757
140.92194962501526
