328.66603350639343
334.9889266490936
329.1629750728607
329.9692454338074
330.30004358291626
330.5980484485626
328.79449677467346
331.1063320636749
329.7168695926666
353.6379039287567
327.9230582714081
326.965457201004
359.4121561050415
328.42461943626404
338.68674206733704
325.32824420928955
334.00410199165344
331.1851842403412
340.9755651950836
329.2961106300354
330.1919229030609
330.4357531070709
330.6354491710663
332.5412423610687
330.42674565315247
322.60151267051697
296.2575056552887
325.7843050956726
338.2366213798523
323.2594645023346
